current directory: /Users/jonathannjine/Phase-4/Group-2-apartments/.bundle/ruby/2.7.0/gems/msgpack-1.7.1/ext/msgpack
/Users/jonathannjine/.rvm/rubies/ruby-2.7.4/bin/ruby -I /Users/jonathannjine/.rvm/rubies/ruby-2.7.4/lib/ruby/site_ruby/2.7.0 extconf.rb
checking for ruby/st.h... yes
checking for st.h... yes
checking for rb_enc_interned_str() in ruby.h... no
checking for rb_hash_new_capa() in ruby.h... no
checking for whether -fvisibility=hidden is accepted as CFLAGS... yes
checking for whether -I.. is accepted as CFLAGS... yes
checking for whether -Wall is accepted as CFLAGS... yes
checking for whether -O3 is accepted as CFLAGS... yes
checking for whether -std=gnu99 is accepted as CFLAGS... yes
checking for whether -ggdb3 is accepted as CFLAGS... yes
checking for whether -DHASH_ASET_DEDUPE=1 is accepted as CFLAGS... yes
checking for whether -DSTR_UMINUS_DEDUPE_FROZEN=0 is accepted as CFLAGS... yes
creating Makefile

current directory: /Users/jonathannjine/Phase-4/Group-2-apartments/.bundle/ruby/2.7.0/gems/msgpack-1.7.1/ext/msgpack
make DESTDIR\= sitearchdir\=./.gem.20230629-75898-1mrs837 sitelibdir\=./.gem.20230629-75898-1mrs837 clean

current directory: /Users/jonathannjine/Phase-4/Group-2-apartments/.bundle/ruby/2.7.0/gems/msgpack-1.7.1/ext/msgpack
make DESTDIR\= sitearchdir\=./.gem.20230629-75898-1mrs837 sitelibdir\=./.gem.20230629-75898-1mrs837
compiling buffer.c
compiling buffer_class.c
compiling extension_value_class.c
compiling factory_class.c
compiling packer.c
compiling packer_class.c
compiling packer_ext_registry.c
compiling rbinit.c
compiling rmem.c
compiling unpacker.c
compiling unpacker_class.c
compiling unpacker_ext_registry.c
linking shared-object msgpack/msgpack.bundle

current directory: /Users/jonathannjine/Phase-4/Group-2-apartments/.bundle/ruby/2.7.0/gems/msgpack-1.7.1/ext/msgpack
make DESTDIR\= sitearchdir\=./.gem.20230629-75898-1mrs837 sitelibdir\=./.gem.20230629-75898-1mrs837 install
/usr/local/opt/coreutils/bin/ginstall -c -m 0755 msgpack.bundle ./.gem.20230629-75898-1mrs837/msgpack

current directory: /Users/jonathannjine/Phase-4/Group-2-apartments/.bundle/ruby/2.7.0/gems/msgpack-1.7.1/ext/msgpack
make DESTDIR\= sitearchdir\=./.gem.20230629-75898-1mrs837 sitelibdir\=./.gem.20230629-75898-1mrs837 clean
