current directory: /Users/jonathannjine/Phase-4/Group-2-apartments/.bundle/ruby/2.7.0/gems/date-3.3.3/ext/date
/Users/jonathannjine/.rvm/rubies/ruby-2.7.4/bin/ruby -I /Users/jonathannjine/.rvm/rubies/ruby-2.7.4/lib/ruby/site_ruby/2.7.0 extconf.rb
checking for rb_category_warn()... no
checking for timezone in time.h with  -Werror... yes
checking for altzone in time.h with  -Werror... no
creating Makefile

current directory: /Users/jonathannjine/Phase-4/Group-2-apartments/.bundle/ruby/2.7.0/gems/date-3.3.3/ext/date
make DESTDIR\= sitearchdir\=./.gem.20230629-75898-1f0a4e0 sitelibdir\=./.gem.20230629-75898-1f0a4e0 clean

current directory: /Users/jonathannjine/Phase-4/Group-2-apartments/.bundle/ruby/2.7.0/gems/date-3.3.3/ext/date
make DESTDIR\= sitearchdir\=./.gem.20230629-75898-1f0a4e0 sitelibdir\=./.gem.20230629-75898-1f0a4e0
compiling date_core.c
compiling date_parse.c
compiling date_strftime.c
compiling date_strptime.c
linking shared-object date_core.bundle

current directory: /Users/jonathannjine/Phase-4/Group-2-apartments/.bundle/ruby/2.7.0/gems/date-3.3.3/ext/date
make DESTDIR\= sitearchdir\=./.gem.20230629-75898-1f0a4e0 sitelibdir\=./.gem.20230629-75898-1f0a4e0 install
/usr/local/opt/coreutils/bin/ginstall -c -m 0755 date_core.bundle ./.gem.20230629-75898-1f0a4e0

current directory: /Users/jonathannjine/Phase-4/Group-2-apartments/.bundle/ruby/2.7.0/gems/date-3.3.3/ext/date
make DESTDIR\= sitearchdir\=./.gem.20230629-75898-1f0a4e0 sitelibdir\=./.gem.20230629-75898-1f0a4e0 clean
